\BOOKMARK [1][-]{section.1}{1. Review of some key definitions and theorems}{}% 1
\BOOKMARK [2][-]{section*.1}{Definition of the Lebesgue measure}{section.1}% 2
\BOOKMARK [2][-]{section*.2}{Definition of Lebesgue measurable}{section.1}% 3
\BOOKMARK [2][-]{section*.3}{Definition of Lebesgue Integral}{section.1}% 4
\BOOKMARK [2][-]{section*.4}{Dominated Convergence Theorem}{section.1}% 5
\BOOKMARK [2][-]{section*.5}{Monotone Convergence Theorem}{section.1}% 6
\BOOKMARK [2][-]{section*.6}{Fatou's Lemma}{section.1}% 7
\BOOKMARK [2][-]{section*.7}{Definition of L1 and L2}{section.1}% 8
\BOOKMARK [2][-]{section*.8}{Fundamental Theorem of Calculus}{section.1}% 9
\BOOKMARK [1][-]{section.2}{2. Space of integrable and square integrable functions}{}% 10
\BOOKMARK [2][-]{section*.9}{Is the function f\(x\) = x/\(1+x2\) in L1\(R\)?}{section.2}% 11
\BOOKMARK [2][-]{section*.10}{Give an example of a function that is in L1\(R\) but not in L2\(R\)}{section.2}% 12
\BOOKMARK [2][-]{section*.11}{Prove that L2\([a,b]\)L1\([a,b]\)}{section.2}% 13
\BOOKMARK [1][-]{section.3}{3. Interchanging limits and integration}{}% 14
\BOOKMARK [2][-]{section*.12}{Compute limn 01 11+xndx}{section.3}% 15
\BOOKMARK [2][-]{section*.13}{Compute limn 0 1+cos\(x/n\)2-sin\(x/n\)11+x2dx}{section.3}% 16
\BOOKMARK [2][-]{section*.14}{Compute limn 0 x2+n2x2+2n2e-xdx}{section.3}% 17
\BOOKMARK [2][-]{section*.15}{Compute limn -nn cos\(x/n\)1+x2dx}{section.3}% 18
\BOOKMARK [1][-]{section.4}{4. Lebesgue measurable and Lebesgue measure}{}% 19
\BOOKMARK [2][-]{section*.16}{Prove that E is Lebesgue measurable.}{section.4}% 20
\BOOKMARK [2][-]{section*.17}{Compute the Lebesgue measure of E.}{section.4}% 21
\BOOKMARK [1][-]{section.5}{5. A parameter dependent integral}{}% 22
\BOOKMARK [2][-]{section*.18}{Prove that F\(t\) := 0 cos\(tx\)e-x2/2dx is differentiable.}{section.5}% 23
\BOOKMARK [2][-]{section*.19}{Compute F\(t\) \(Hint: Derive a differential equation for F\(t\) and solve it\)}{section.5}% 24
