This is pdfTeX, Version 3.14159265-2.6-1.40.17 (TeX Live 2016/W32TeX) (preloaded format=pdflatex 2016.9.3)  19 MAY 2017 10:22
entering extended mode
 restricted \write18 enabled.
 %&-line parsing enabled.
**./mat327_big_list.tex
(./mat327_big_list.tex
LaTeX2e <2016/03/31> patch level 3
Babel <3.9r> and hyphenation patterns for 83 language(s) loaded.
(./amstext-l.cls
Document Class: amstext-l 2010/09/27 v0.98 beta AMSTEXT Author Class
(c:/texlive/2016/texmf-dist/tex/latex/amscls/amsbook.cls
Document Class: amsbook 2015/03/04 v2.20.2
\linespacing=\dimen102
\normalparindent=\dimen103
\normaltopskip=\skip41
(c:/texlive/2016/texmf-dist/tex/latex/amsmath/amsmath.sty
Package: amsmath 2016/06/28 v2.15d AMS math features
\@mathmargin=\skip42

For additional information on amsmath, use the `?' option.
(c:/texlive/2016/texmf-dist/tex/latex/amsmath/amstext.sty
Package: amstext 2000/06/29 v2.01 AMS text

(c:/texlive/2016/texmf-dist/tex/latex/amsmath/amsgen.sty
File: amsgen.sty 1999/11/30 v2.0 generic functions
\@emptytoks=\toks14
\ex@=\dimen104
))
(c:/texlive/2016/texmf-dist/tex/latex/amsmath/amsbsy.sty
Package: amsbsy 1999/11/29 v1.2d Bold Symbols
\pmbraise@=\dimen105
)
(c:/texlive/2016/texmf-dist/tex/latex/amsmath/amsopn.sty
Package: amsopn 2016/03/08 v2.02 operator names
)
\inf@bad=\count79
LaTeX Info: Redefining \frac on input line 199.
\uproot@=\count80
\leftroot@=\count81
LaTeX Info: Redefining \overline on input line 297.
\classnum@=\count82
\DOTSCASE@=\count83
LaTeX Info: Redefining \ldots on input line 394.
LaTeX Info: Redefining \dots on input line 397.
LaTeX Info: Redefining \cdots on input line 518.
\Mathstrutbox@=\box26
\strutbox@=\box27
\big@size=\dimen106
LaTeX Font Info:    Redeclaring font encoding OML on input line 634.
LaTeX Font Info:    Redeclaring font encoding OMS on input line 635.
\macc@depth=\count84
\c@MaxMatrixCols=\count85
\dotsspace@=\muskip10
\c@parentequation=\count86
\dspbrk@lvl=\count87
\tag@help=\toks15
\row@=\count88
\column@=\count89
\maxfields@=\count90
\andhelp@=\toks16
\eqnshift@=\dimen107
\alignsep@=\dimen108
\tagshift@=\dimen109
\tagwidth@=\dimen110
\totwidth@=\dimen111
\lineht@=\dimen112
\@envbody=\toks17
\multlinegap=\skip43
\multlinetaggap=\skip44
\mathdisplay@stack=\toks18
LaTeX Info: Redefining \[ on input line 2739.
LaTeX Info: Redefining \] on input line 2740.
)
LaTeX Font Info:    Try loading font information for U+msa on input line 367.

(c:/texlive/2016/texmf-dist/tex/latex/amsfonts/umsa.fd
File: umsa.fd 2013/01/14 v3.01 AMS symbols A
)
(c:/texlive/2016/texmf-dist/tex/latex/amsfonts/amsfonts.sty
Package: amsfonts 2013/01/14 v3.01 Basic AMSFonts support
\symAMSa=\mathgroup4
\symAMSb=\mathgroup5
LaTeX Font Info:    Overwriting math alphabet `\mathfrak' in version `bold'
(Font)                  U/euf/m/n --> U/euf/b/n on input line 106.
)
\copyins=\insert199
\abstractbox=\box28
\listisep=\skip45
\c@part=\count91
\c@chapter=\count92
\c@section=\count93
\c@subsection=\count94
\c@subsubsection=\count95
\c@paragraph=\count96
\c@subparagraph=\count97
\c@figure=\count98
\c@table=\count99
\abovecaptionskip=\skip46
\belowcaptionskip=\skip47
\captionindent=\dimen113
\thm@style=\toks19
\thm@bodyfont=\toks20
\thm@headfont=\toks21
\thm@notefont=\toks22
\thm@headpunct=\toks23
\thm@preskip=\skip48
\thm@postskip=\skip49
\thm@headsep=\skip50
\dth@everypar=\toks24
)
\@mathstrutdepth=\dimen114
\inclusionindent=\dimen115
\copyins=\insert198
)
\c@theorem=\count100
\@indexfile=\write3
\openout3 = `mat327_big_list.idx'.


Writing index file mat327_big_list.idx
No file mat327_big_list.aux.
\openout1 = `mat327_big_list.aux'.

LaTeX Font Info:    Checking defaults for OML/cmm/m/it on input line 54.
LaTeX Font Info:    ... okay on input line 54.
LaTeX Font Info:    Checking defaults for T1/cmr/m/n on input line 54.
LaTeX Font Info:    ... okay on input line 54.
LaTeX Font Info:    Checking defaults for OT1/cmr/m/n on input line 54.
LaTeX Font Info:    ... okay on input line 54.
LaTeX Font Info:    Checking defaults for OMS/cmsy/m/n on input line 54.
LaTeX Font Info:    ... okay on input line 54.
LaTeX Font Info:    Checking defaults for OMX/cmex/m/n on input line 54.
LaTeX Font Info:    ... okay on input line 54.
LaTeX Font Info:    Checking defaults for U/cmr/m/n on input line 54.
LaTeX Font Info:    ... okay on input line 54.
LaTeX Font Info:    Try loading font information for U+msa on input line 54.
(c:/texlive/2016/texmf-dist/tex/latex/amsfonts/umsa.fd
File: umsa.fd 2013/01/14 v3.01 AMS symbols A
)
LaTeX Font Info:    Try loading font information for U+msb on input line 54.

(c:/texlive/2016/texmf-dist/tex/latex/amsfonts/umsb.fd
File: umsb.fd 2013/01/14 v3.01 AMS symbols B
) [1




] [5{c:/texlive/2016/texmf-var/fonts/map/pdftex/updmap/pdftex.map}] [6


]
Contents
No file mat327_big_list.toc.
\tf@toc=\write4
\openout4 = `mat327_big_list.toc'.

[7]
\openout2 = `.aux'.

 (c:/texlive/2016/texmf-dist/tex/latex/tools/.tex File ignored) [8




]
\openout2 = `.aux'.


(c:/texlive/2016/texmf-dist/tex/latex/tools/.tex File ignored)
\openout2 = `.aux'.


(c:/texlive/2016/texmf-dist/tex/latex/tools/.tex File ignored)
No file mat327_big_list.bbl.
No file mat327_big_list.ind.
(./mat327_big_list.aux (./.aux) (./.aux) (./.aux)) ) 
Here is how much of TeX's memory you used:
 1431 strings out of 493013
 16000 string characters out of 6136994
 70335 words of memory out of 5000000
 4844 multiletter control sequences out of 15000+600000
 7082 words of font info for 27 fonts, out of 8000000 for 9000
 1302 hyphenation exceptions out of 8191
 39i,6n,30p,294b,136s stack positions out of 5000i,500n,10000p,200000b,80000s
<c:/texlive/2016/texmf-dist
/fonts/type1/public/amsfonts/cm/cmr10.pfb><c:/texlive/2016/texmf-dist/fonts/typ
e1/public/amsfonts/cm/cmssbx10.pfb><c:/texlive/2016/texmf-dist/fonts/type1/publ
ic/amsfonts/cm/cmti10.pfb>
Output written on mat327_big_list.pdf (5 pages, 32808 bytes).
PDF statistics:
 32 PDF objects out of 1000 (max. 8388607)
 21 compressed objects within 1 object stream
 0 named destinations out of 1000 (max. 500000)
 1 words of extra memory for PDF output out of 10000 (max. 10000000)

